
> arcfx-frontend@0.1.0 build
> tsc -b && vite build

vite v5.4.21 building for production...
transforming...
../node_modules/@base-org/account/node_modules/ox/_esm/core/Address.js (6:21): A comment

"/*#__PURE__*/"

in "../node_modules/@base-org/account/node_modules/ox/_esm/core/Address.js" contains an annotation that Rollup cannot interpret due to the position of the comment. The comment will be removed to avoid issues.
../node_modules/@base-org/account/node_modules/ox/_esm/core/Base64.js (6:27): A comment

"/*#__PURE__*/"

in "../node_modules/@base-org/account/node_modules/ox/_esm/core/Base64.js" contains an annotation that Rollup cannot interpret due to the position of the comment. The comment will be removed to avoid issues.
../node_modules/@wagmi/connectors/node_modules/ox/_esm/core/Base64.js (6:27): A comment

"/*#__PURE__*/"

in "../node_modules/@wagmi/connectors/node_modules/ox/_esm/core/Base64.js" contains an annotation that Rollup cannot interpret due to the position of the comment. The comment will be removed to avoid issues.
../node_modules/@coinbase/wallet-sdk/node_modules/ox/_esm/core/Address.js (6:21): A comment

"/*#__PURE__*/"

in "../node_modules/@coinbase/wallet-sdk/node_modules/ox/_esm/core/Address.js" contains an annotation that Rollup cannot interpret due to the position of the comment. The comment will be removed to avoid issues.
../node_modules/@coinbase/wallet-sdk/node_modules/ox/_esm/core/Base64.js (6:27): A comment

"/*#__PURE__*/"

in "../node_modules/@coinbase/wallet-sdk/node_modules/ox/_esm/core/Base64.js" contains an annotation that Rollup cannot interpret due to the position of the comment. The comment will be removed to avoid issues.
../node_modules/@base-org/account/node_modules/ox/_esm/core/internal/cursor.js (2:21): A comment

"/*#__PURE__*/"

in "../node_modules/@base-org/account/node_modules/ox/_esm/core/internal/cursor.js" contains an annotation that Rollup cannot interpret due to the position of the comment. The comment will be removed to avoid issues.
../node_modules/@coinbase/wallet-sdk/node_modules/ox/_esm/core/internal/cursor.js (2:21): A comment

"/*#__PURE__*/"

in "../node_modules/@coinbase/wallet-sdk/node_modules/ox/_esm/core/internal/cursor.js" contains an annotation that Rollup cannot interpret due to the position of the comment. The comment will be removed to avoid issues.
../node_modules/@walletconnect/utils/node_modules/ox/_esm/core/Address.js (6:21): A comment

"/*#__PURE__*/"

in "../node_modules/@walletconnect/utils/node_modules/ox/_esm/core/Address.js" contains an annotation that Rollup cannot interpret due to the position of the comment. The comment will be removed to avoid issues.
../node_modules/@walletconnect/utils/node_modules/ox/_esm/core/internal/cursor.js (2:21): A comment

"/*#__PURE__*/"

in "../node_modules/@walletconnect/utils/node_modules/ox/_esm/core/internal/cursor.js" contains an annotation that Rollup cannot interpret due to the position of the comment. The comment will be removed to avoid issues.
../node_modules/@reown/appkit/node_modules/ox/_esm/core/Address.js (6:21): A comment

"/*#__PURE__*/"

in "../node_modules/@reown/appkit/node_modules/ox/_esm/core/Address.js" contains an annotation that Rollup cannot interpret due to the position of the comment. The comment will be removed to avoid issues.
../node_modules/@reown/appkit/node_modules/ox/_esm/core/internal/cursor.js (2:21): A comment

"/*#__PURE__*/"

in "../node_modules/@reown/appkit/node_modules/ox/_esm/core/internal/cursor.js" contains an annotation that Rollup cannot interpret due to the position of the comment. The comment will be removed to avoid issues.
../node_modules/@reown/appkit-controllers/node_modules/ox/_esm/core/internal/cursor.js (2:21): A comment

"/*#__PURE__*/"

in "../node_modules/@reown/appkit-controllers/node_modules/ox/_esm/core/internal/cursor.js" contains an annotation that Rollup cannot interpret due to the position of the comment. The comment will be removed to avoid issues.
../node_modules/@reown/appkit-controllers/node_modules/ox/_esm/core/Address.js (6:21): A comment

"/*#__PURE__*/"

in "../node_modules/@reown/appkit-controllers/node_modules/ox/_esm/core/Address.js" contains an annotation that Rollup cannot interpret due to the position of the comment. The comment will be removed to avoid issues.
✓ 6469 modules transformed.
rendering chunks...
computing gzip size...
dist/index.html                                         0.86 kB │ gzip:   0.48 kB
dist/assets/index-CgBkPcf4.css                         77.86 kB │ gzip:  13.11 kB
dist/assets/cursor-D8HOarWQ.js                          0.32 kB │ gzip:   0.25 kB
dist/assets/chevron-left-BNY3qQ5R.js                    0.45 kB │ gzip:   0.30 kB
dist/assets/chevron-top-Bi-pZJxR.js                     0.46 kB │ gzip:   0.30 kB
dist/assets/external-link-DAXQTB7L.js                   0.46 kB │ gzip:   0.30 kB
dist/assets/chevron-bottom-BS6w4ciF.js                  0.46 kB │ gzip:   0.30 kB
dist/assets/chevron-right-DtnZ5DMk.js                   0.46 kB │ gzip:   0.30 kB
dist/assets/arrow-top-QnRf2DDP.js                       0.47 kB │ gzip:   0.31 kB
dist/assets/arrow-bottom-BDNtByh9.js                    0.47 kB │ gzip:   0.31 kB
dist/assets/arrow-left-Bhi7YPvS.js                      0.47 kB │ gzip:   0.31 kB
dist/assets/arrow-right-DEa8HM1o.js                     0.47 kB │ gzip:   0.31 kB
dist/assets/off-By7_5j0k.js                             0.49 kB │ gzip:   0.32 kB
dist/assets/search-y34a6qVk.js                          0.50 kB │ gzip:   0.32 kB
dist/assets/close-BxoCEdQF.js                           0.50 kB │ gzip:   0.31 kB
dist/assets/all-wallets-BVOnJ6Hj.js                     0.51 kB │ gzip:   0.29 kB
dist/assets/filters-DFAMc1zd.js                         0.51 kB │ gzip:   0.30 kB
dist/assets/celo-GEP4TUHG-CenIBYLU.js                   0.51 kB │ gzip:   0.31 kB
dist/assets/Windows-PPTHQER6-BlyV2p7Y.js                0.52 kB │ gzip:   0.29 kB
dist/assets/info-circle-D0G0CrWV.js                     0.53 kB │ gzip:   0.32 kB
dist/assets/more-B6n3hUML.js                            0.55 kB │ gzip:   0.33 kB
dist/assets/refresh-B_UBey6B.js                         0.55 kB │ gzip:   0.35 kB
dist/assets/warning-circle-CgpeFSnM.js                  0.55 kB │ gzip:   0.34 kB
dist/assets/coinPlaceholder-DkZgDV7z.js                 0.56 kB │ gzip:   0.37 kB
dist/assets/compass-BmPfHpXh.js                         0.58 kB │ gzip:   0.36 kB
dist/assets/zetachain-TLDS5IPW-Udhyw16T.js              0.60 kB │ gzip:   0.37 kB
dist/assets/base-OAXLRA4F-CoYTVIiL.js                   0.60 kB │ gzip:   0.32 kB
dist/assets/swapVertical-BldO38Wh.js                    0.60 kB │ gzip:   0.36 kB
dist/assets/swapHorizontal-CCpjetl8.js                  0.61 kB │ gzip:   0.35 kB
dist/assets/x-DTTYWqos.js                               0.63 kB │ gzip:   0.42 kB
dist/assets/cursor-transparent-CJjofdxZ.js              0.64 kB │ gzip:   0.38 kB
dist/assets/twitterIcon-DRG2b3J-.js                     0.64 kB │ gzip:   0.40 kB
dist/assets/mobile-Cf-YfZtU.js                          0.65 kB │ gzip:   0.35 kB
dist/assets/checkmark-bold-CUfvbKNJ.js                  0.71 kB │ gzip:   0.46 kB
dist/assets/hyperevm-VKPAA4SA-CHwraEsx.js               0.73 kB │ gzip:   0.41 kB
dist/assets/optimism-HAF2GUT7-ec6Nqxs9.js               0.73 kB │ gzip:   0.38 kB
dist/assets/monad-4KWC6TSS-DVXSkpiz.js                  0.74 kB │ gzip:   0.40 kB
dist/assets/etherscan-DL86gkFN.js                       0.76 kB │ gzip:   0.47 kB
dist/assets/checkmark-BZ_qfsic.js                       0.76 kB │ gzip:   0.50 kB
dist/assets/help-circle-Br5vHVDI.js                     0.77 kB │ gzip:   0.45 kB
dist/assets/wallet-BNu1RR5u.js                          0.78 kB │ gzip:   0.44 kB
dist/assets/plus-D0I2Bp2-.js                            0.82 kB │ gzip:   0.44 kB
dist/assets/verify-filled-0UbU5d64.js                   0.82 kB │ gzip:   0.49 kB
dist/assets/add-BknnwZFW.js                             0.83 kB │ gzip:   0.45 kB
dist/assets/flow-5FQJFCTK-CUie2reO.js                   0.86 kB │ gzip:   0.38 kB
dist/assets/google-ChucIOQT.js                          0.87 kB │ gzip:   0.48 kB
dist/assets/three-dots-Bo4RzpK5.js                      0.90 kB │ gzip:   0.44 kB
dist/assets/clock-COo5FeWF.js                           0.90 kB │ gzip:   0.50 kB
dist/assets/baseAccount-44UITRK7-CsjdbWCf.js            0.90 kB │ gzip:   0.39 kB
dist/assets/disconnect-BXxHKI06.js                      0.95 kB │ gzip:   0.53 kB
dist/assets/index-nibyPLVP.js                           0.95 kB │ gzip:   0.47 kB
dist/assets/twitch-Ceqh8SXU.js                          0.96 kB │ gzip:   0.52 kB
dist/assets/unichain-C5BWO2ZY-BfguYsnu.js               0.98 kB │ gzip:   0.46 kB
dist/assets/superposition-HG6MMR2Y-bRkgatRO.js          0.99 kB │ gzip:   0.54 kB
dist/assets/bank-4IvF9dXA.js                            1.00 kB │ gzip:   0.54 kB
dist/assets/apple-CYe0UDwf.js                           1.02 kB │ gzip:   0.55 kB
dist/assets/linea-QRMVQ5DY-DuI3vv0d.js                  1.05 kB │ gzip:   0.46 kB
dist/assets/play-store-BD84Gi-o.js                      1.06 kB │ gzip:   0.55 kB
dist/assets/farcaster-Cp09eNqB.js                       1.07 kB │ gzip:   0.56 kB
dist/assets/zksync-DH7HK5U4-Dt4usFw6.js                 1.11 kB │ gzip:   0.49 kB
dist/assets/arrow-bottom-circle-BVuu_goQ.js             1.19 kB │ gzip:   0.55 kB
dist/assets/github-C8v5rea2.js                          1.19 kB │ gzip:   0.62 kB
dist/assets/swapHorizontalBold-MQ78qiSz.js              1.22 kB │ gzip:   0.65 kB
dist/assets/app-store-tD0WrrG7.js                       1.26 kB │ gzip:   0.70 kB
dist/assets/mail-DANbMIB9.js                            1.26 kB │ gzip:   0.68 kB
dist/assets/avalanche-KOMJD3XY-Dsn_JPR4.js              1.27 kB │ gzip:   0.66 kB
dist/assets/facebook-CMTRctUM.js                        1.29 kB │ gzip:   0.67 kB
dist/assets/xdc-KJ3TDBYO-DNV6zchh.js                    1.31 kB │ gzip:   0.59 kB
dist/assets/wallet-placeholder-Cs_bDZmk.js              1.32 kB │ gzip:   0.62 kB
dist/assets/desktop-D_1bA23L.js                         1.33 kB │ gzip:   0.67 kB
dist/assets/discord-pVm9A2uD.js                         1.36 kB │ gzip:   0.68 kB
dist/assets/swapHorizontalMedium-DeD24ouW.js            1.36 kB │ gzip:   0.70 kB
dist/assets/ethereum-RGGVA4PY-SWGOlkuk.js               1.37 kB │ gzip:   0.44 kB
dist/assets/ink-FZMYZWHG-62p-5IK5.js                    1.38 kB │ gzip:   0.61 kB
dist/assets/recycle-horizontal-Bixz5AI_.js              1.40 kB │ gzip:   0.73 kB
dist/assets/apechain-SX5YFU6N-q5qBv-mp.js               1.46 kB │ gzip:   0.63 kB
dist/assets/kaia-65D2U3PU-JmuLQ4gC.js                   1.48 kB │ gzip:   0.67 kB
dist/assets/degen-FQQ4XGHB-CeHTs88l.js                  1.49 kB │ gzip:   0.71 kB
dist/assets/extension-BgW48fNz.js                       1.49 kB │ gzip:   0.73 kB
dist/assets/telegram-CMuRfaim.js                        1.51 kB │ gzip:   0.86 kB
dist/assets/swapHorizontalRoundedBold-Ca8YSqnI.js       1.51 kB │ gzip:   0.80 kB
dist/assets/cronos-HJPAQTAE-BEOvlOC4.js                 1.52 kB │ gzip:   0.61 kB
dist/assets/verify-ZYA_KMWV.js                          1.53 kB │ gzip:   0.74 kB
dist/assets/polygon-WW6ZI7PM-DXlmm4L1.js                1.53 kB │ gzip:   0.62 kB
dist/assets/gravity-J5YQHTYH-Bj6B0uod.js                1.54 kB │ gzip:   0.74 kB
dist/assets/qr-code-DVyDB36I.js                         1.57 kB │ gzip:   0.55 kB
dist/assets/bsc-N647EYR2-B2nLKXWV.js                    1.59 kB │ gzip:   0.61 kB
dist/assets/browser-BRcsO4wc.js                         1.64 kB │ gzip:   0.82 kB
dist/assets/blast-V555OVXZ-BbhJh1tj.js                  1.67 kB │ gzip:   0.72 kB
dist/assets/network-placeholder-Dqj2k0Gd.js             1.71 kB │ gzip:   0.76 kB
dist/assets/Chrome-65Q5P54Y-DR9MQEVr.js                 1.72 kB │ gzip:   0.58 kB
dist/assets/gnosis-37ZC4RBL-B137OtHZ.js                 1.80 kB │ gzip:   0.72 kB
dist/assets/id-DwHeBKOg.js                              1.81 kB │ gzip:   0.83 kB
dist/assets/nftPlaceholder-mw8vwSEK.js                  1.81 kB │ gzip:   0.90 kB
dist/assets/safeWallet-5MNKTR5Z-D-5imDLD.js             1.82 kB │ gzip:   0.71 kB
dist/assets/walletConnectWallet-YHWKVTDY-D3lyiczV.js    1.88 kB │ gzip:   0.71 kB
dist/assets/Opera-KQZLSACL-Cwv5MDFy.js                  2.10 kB │ gzip:   0.76 kB
dist/assets/info-DpWDjlPy.js                            2.32 kB │ gzip:   1.20 kB
dist/assets/exclamation-triangle-CTzupMct.js            2.48 kB │ gzip:   1.19 kB
dist/assets/send-DVgsLEnm.js                            2.48 kB │ gzip:   1.33 kB
dist/assets/arbitrum-WURIBY6W-CqVkHBr5.js               2.59 kB │ gzip:   0.85 kB
dist/assets/scroll-5OBGQVOV-DJFECiai.js                 2.63 kB │ gzip:   1.03 kB
dist/assets/card-Cz-ZAgna.js                            2.65 kB │ gzip:   1.20 kB
dist/assets/chrome-store-DdkJWP1W.js                    2.65 kB │ gzip:   1.05 kB
dist/assets/reown-logo-CsMBmt4u.js                      2.66 kB │ gzip:   1.12 kB
dist/assets/ronin-EMCPYXZT-N-QBHZdV.js                  2.67 kB │ gzip:   1.21 kB
dist/assets/ccip-BqaABT-b.js                            2.67 kB │ gzip:   1.27 kB
dist/assets/zora-FYL5H3IO-iB4wygST.js                   2.68 kB │ gzip:   0.59 kB
dist/assets/lightbulb-BDR8NTc7.js                       2.77 kB │ gzip:   1.26 kB
dist/assets/refresh-S4T5V5GX-CwqIaaxK.js                3.00 kB │ gzip:   0.95 kB
dist/assets/manta-SI27YFEJ-CpVOKa06.js                  3.20 kB │ gzip:   1.34 kB
dist/assets/connect-UA7M4XW6-IY3X6Bmr.js                3.55 kB │ gzip:   1.08 kB
dist/assets/image-Luzld_D4.js                           3.55 kB │ gzip:   1.57 kB
dist/assets/berachain-NJECWIVC-DumxnFvf.js              3.78 kB │ gzip:   1.25 kB
dist/assets/copy-oykzN4_H.js                            3.87 kB │ gzip:   1.50 kB
dist/assets/walletconnect-DVR5JmPY.js                   4.12 kB │ gzip:   1.71 kB
dist/assets/hardhat-TX56IT5N-CV1FY-wE.js                4.20 kB │ gzip:   1.36 kB
dist/assets/Brave-BRAKJXDS-mq-Xo37j.js                  4.26 kB │ gzip:   1.50 kB
dist/assets/create-FASO7PVG-D_rvSpre.js                 4.33 kB │ gzip:   1.09 kB
dist/assets/scan-4UYSQ56Q-CjMz6-XC.js                   4.59 kB │ gzip:   1.15 kB
dist/assets/rainbowWallet-O26YNBMX-DUhYus-9.js          5.12 kB │ gzip:   0.95 kB
dist/assets/mantle-CKIUT334-DR2WgqzU.js                 5.27 kB │ gzip:   2.32 kB
dist/assets/sign-A7IJEUT5-CGsRnPrd.js                   5.55 kB │ gzip:   4.23 kB
dist/assets/Edge-XSPUTORV-DEoZslQE.js                   5.82 kB │ gzip:   1.36 kB
dist/assets/index-8upKOWHX.js                           5.92 kB │ gzip:   2.16 kB
dist/assets/events-WP_q2uBn.js                          6.14 kB │ gzip:   2.13 kB
dist/assets/Arc-VDBY7LNS-BChRXCXW.js                    6.62 kB │ gzip:   1.66 kB
dist/assets/metaMaskWallet-SITXT2FV-BlemcphV.js         8.51 kB │ gzip:   1.24 kB
dist/assets/Browser-76IHF3Y2-BMhRaC5Z.js               11.82 kB │ gzip:   2.21 kB
dist/assets/login-UP3DZBGS-Db_wM5oQ.js                 12.00 kB │ gzip:   3.00 kB
dist/assets/Safari-ZPL37GXR-C4Ggg6rz.js                13.75 kB │ gzip:   3.80 kB
dist/assets/Firefox-AAHGJQIP-Bp_Hm04m.js               15.19 kB │ gzip:   3.46 kB
dist/assets/sanko-RHQYXGM5-OX010CbN.js                 21.93 kB │ gzip:  16.55 kB
dist/assets/assets-Q6ZU7ZJ5-P8HioiAD.js                23.62 kB │ gzip:   4.14 kB
dist/assets/index-BUdsboGy.js                          26.36 kB │ gzip:   7.46 kB
dist/assets/secp256k1-4A6C-oQI.js                      31.46 kB │ gzip:  12.40 kB
dist/assets/secp256k1-RwpYMI4u.js                      31.48 kB │ gzip:  12.42 kB
dist/assets/zh_CN-HJBN674C-Baf0GEeT.js                 37.20 kB │ gzip:   5.58 kB
dist/assets/zh_TW-VNNRNXY7-aWfg7Qp4.js                 37.57 kB │ gzip:   5.25 kB
dist/assets/zh_HK-JW3WLRKE-VztJKXL5.js                 37.81 kB │ gzip:   5.29 kB
dist/assets/index-D43i6hmz.js                          39.72 kB │ gzip:   9.40 kB
dist/assets/w3m-modal-CZu5F1C9.js                      40.11 kB │ gzip:   9.40 kB
dist/assets/ko_KR-I2K7AIEP-B5gw8Mwb.js                 42.95 kB │ gzip:   6.36 kB
dist/assets/ja_JP-4WRQ63RX-Ct5pF4ug.js                 43.45 kB │ gzip:   6.48 kB
dist/assets/Macos-MW4AE7LN-Vvm8Drw3.js                 49.68 kB │ gzip:  35.99 kB
dist/assets/ar_AR-44JUQ6EW-BMX-am0v.js                 51.10 kB │ gzip:   6.10 kB
dist/assets/th_TH-3ZQCKCQE-BcHUN2Q4.js                 55.01 kB │ gzip:   7.70 kB
dist/assets/vi_VN-7BUVRNYY-CZ9S75qZ.js                 57.36 kB │ gzip:   5.34 kB
dist/assets/tr_TR-QUPUGMUF-CwpF6ZFn.js                 58.28 kB │ gzip:   5.66 kB
dist/assets/id_ID-KUOB4UAL-K9y-nRWm.js                 58.82 kB │ gzip:   5.44 kB
dist/assets/hi_IN-XSKAA3MF-C3QUpWyP.js                 59.21 kB │ gzip:   8.19 kB
dist/assets/pt_BR-N3XOZ4SV-CvVpfsHb.js                 59.39 kB │ gzip:   5.21 kB
dist/assets/ms_MY-6VZW6Q3Z-BtFD07hR.js                 59.65 kB │ gzip:   5.09 kB
dist/assets/es_419-HRGOJ6VT-D-qzxUM-.js                59.68 kB │ gzip:   5.58 kB
dist/assets/uk_UA-SSN6SV5E-IlYYyRC6.js                 60.39 kB │ gzip:   6.19 kB
dist/assets/ru_RU-IITAPRET-DOj6Jzj7.js                 61.12 kB │ gzip:   6.86 kB
dist/assets/fr_FR-IGGVC6RM-D8LpUM75.js                 65.14 kB │ gzip:   5.51 kB
dist/assets/de_DE-PYAO5YD6-BWlqPWgO.js                 65.20 kB │ gzip:   5.48 kB
dist/assets/Linux-OO4TNCLJ-B0aw93n9.js                 91.13 kB │ gzip:  15.08 kB
dist/assets/basic-DlcS_QYA.js                         143.02 kB │ gzip:  32.95 kB
dist/assets/index-BPxxKQd_.js                         353.90 kB │ gzip: 133.69 kB
dist/assets/index.es-DHr2uiR7.js                      415.00 kB │ gzip: 118.77 kB
dist/assets/core-00BZ_jK9.js                          508.64 kB │ gzip: 138.30 kB
dist/assets/metamask-sdk-mVtxOwHi.js                  556.51 kB │ gzip: 169.00 kB
dist/assets/index-7GQznZLJ.js                         990.69 kB │ gzip: 287.32 kB

(!) Some chunks are larger than 500 kB after minification. Consider:
- Using dynamic import() to code-split the application
- Use build.rollupOptions.output.manualChunks to improve chunking: https://rollupjs.org/configuration-options/#output-manualchunks
- Adjust chunk size limit for this warning via build.chunkSizeWarningLimit.
✓ built in 8.35s
